<?xml version="1.0" encoding="UTF-8"?>
<testng-results ignored="0" total="1" passed="1" failed="0" skipped="0">
  <reporter-output>
  </reporter-output>
  <suite started-at="2023-06-30T10:58:15 BDT" name="Default suite" finished-at="2023-06-30T10:58:16 BDT" duration-ms="900">
    <groups>
    </groups>
    <test started-at="2023-06-30T10:58:15 BDT" name="Default test" finished-at="2023-06-30T10:58:16 BDT" duration-ms="900">
      <class name="SumValidation">
        <test-method signature="sumOfCourses()[pri:0, instance:SumValidation@4c4748bf]" started-at="2023-06-30T10:58:15 BDT" name="sumOfCourses" finished-at="2023-06-30T10:58:16 BDT" duration-ms="871" status="PASS">
          <reporter-output>
          </reporter-output>
        </test-method> <!-- sumOfCourses -->
      </class> <!-- SumValidation -->
    </test> <!-- Default test -->
  </suite> <!-- Default suite -->
</testng-results>
